<?xml version="1.0" encoding="UTF-8"?>
<!-- Generated by org.testng.reporters.JUnitReportReporter -->
<testsuite hostname="QT-INNO-LT0916" failures="0" tests="1" name="ApiTesting.TC001_GET_Request" time="2.139" errors="0" timestamp="2021-10-05T17:22:30 IST" skipped="0">
  <testcase classname="ApiTesting.TC001_GET_Request" name="getDetails" time="2.139"/>
  <system-out/>
</testsuite> <!-- ApiTesting.TC001_GET_Request -->
