<?xml version="1.0" encoding="UTF-8"?>
<!-- Generated by org.testng.reporters.JUnitReportReporter -->
<testsuite hostname="QT-INNO-LT0916" failures="0" tests="1" name="ApiTesting.TC003_PUT_Request" time="3.156" errors="0" timestamp="2021-10-05T17:55:44 IST" skipped="0">
  <testcase classname="ApiTesting.TC003_PUT_Request" name="getDetails" time="3.156"/>
  <system-out/>
</testsuite> <!-- ApiTesting.TC003_PUT_Request -->
