<?xml version="1.0" encoding="UTF-8"?>
<!-- Generated by org.testng.reporters.JUnitReportReporter -->
<testsuite hostname="QT-INNO-LT0916" failures="0" tests="1" name="ApiTesting.TCS002_POST_Request" time="3.081" errors="0" timestamp="2021-10-05T18:02:18 IST" skipped="0">
  <testcase classname="ApiTesting.TCS002_POST_Request" name="getDetails" time="3.081"/>
  <system-out/>
</testsuite> <!-- ApiTesting.TCS002_POST_Request -->
